Results of NGD DRC are available in vga_leds_drc.log.
Loading NGL library 'D:/dev/lattice/lscc/diamond/3.10_x64/ispfpga/xo2c00a/data/xo2alib.ngl'...
Loading NGL library 'D:/dev/lattice/lscc/diamond/3.10_x64/ispfpga/xo2c00/data/xo2clib.ngl'...
Loading NGL library 'D:/dev/lattice/lscc/diamond/3.10_x64/ispfpga/mg5g00/data/mg5glib.ngl'...
Loading NGL library 'D:/dev/lattice/lscc/diamond/3.10_x64/ispfpga/or5g00/data/orc5glib.ngl'...
Loading NGL library 'D:/dev/lattice/lscc/diamond/3.10_x64/ispfpga/data/neoprims.ngl'...
Loading NGL library 'D:/dev/lattice/lscc/diamond/3.10_x64/ispfpga/data/neomacro.ngl'...
Loading NGO design 'lngotmp/pmi_addsubmo32324b7f59e.ngo'...
Logic has been added to the IP to support JTAG capability.
Loading NGO design 'D:/dev/lattice/lscc/diamond/3.10_x64/ispfpga/xo2c00/data/xo2chub.ngl'...


Running DRC...

WARNING - synthesis: logical net 'xo2chub/tdoa' has no load.
WARNING - synthesis: logical net 'xo2chub/cdn' has no load.
WARNING - synthesis: logical net 'xo2chub/ip_enable[15]' has no load.
WARNING - synthesis: logical net 'xo2chub/genblk7.un1_jtagf_u' has no load.
WARNING - synthesis: logical net 'xo2chub/genblk7.un1_jtagf_u_1' has no load.
WARNING - synthesis: DRC complete with 5 warnings.

Design Results:
   4949 blocks expanded
completed the first expansion
All blocks are expanded and NGD expansion is successful.
Writing NGD file mico_cpu_impl1.ngd.
